0 info it worked if it ends with ok
1 verbose cli [ 'node', '/usr/local/bin/npm', 'isntall' ]
2 info using npm@1.4.28
3 info using node@v0.10.35
4 warn package.json digitc@1.0.0 No repository field.
5 warn package.json digitc@1.0.0 No README data
6 verbose readDependencies using package.json deps
7 verbose install where, deps [ '/Users/andreaterzani/Desktop/DigitC',
7 verbose install   [ 'gulp',
7 verbose install     'gulp-sass',
7 verbose install     'gulp-concat',
7 verbose install     'gulp-minify-css',
7 verbose install     'gulp-rename',
7 verbose install     'bower',
7 verbose install     'gulp-util',
7 verbose install     'shelljs' ] ]
8 info preinstall digitc@1.0.0
9 verbose readDependencies using package.json deps
10 verbose cache add [ 'gulp@^3.5.6', null ]
11 verbose cache add name=undefined spec="gulp@^3.5.6" args=["gulp@^3.5.6",null]
12 verbose parsed url { protocol: null,
12 verbose parsed url   slashes: null,
12 verbose parsed url   auth: null,
12 verbose parsed url   host: null,
12 verbose parsed url   port: null,
12 verbose parsed url   hostname: null,
12 verbose parsed url   hash: null,
12 verbose parsed url   search: null,
12 verbose parsed url   query: null,
12 verbose parsed url   pathname: 'gulp@^3.5.6',
12 verbose parsed url   path: 'gulp@^3.5.6',
12 verbose parsed url   href: 'gulp@^3.5.6' }
13 verbose cache add [ 'gulp-sass@^1.3.3', null ]
14 verbose cache add name=undefined spec="gulp-sass@^1.3.3" args=["gulp-sass@^1.3.3",null]
15 verbose parsed url { protocol: null,
15 verbose parsed url   slashes: null,
15 verbose parsed url   auth: null,
15 verbose parsed url   host: null,
15 verbose parsed url   port: null,
15 verbose parsed url   hostname: null,
15 verbose parsed url   hash: null,
15 verbose parsed url   search: null,
15 verbose parsed url   query: null,
15 verbose parsed url   pathname: 'gulp-sass@^1.3.3',
15 verbose parsed url   path: 'gulp-sass@^1.3.3',
15 verbose parsed url   href: 'gulp-sass@^1.3.3' }
16 verbose cache add name="gulp" spec="^3.5.6" args=["gulp","^3.5.6"]
17 verbose parsed url { protocol: null,
17 verbose parsed url   slashes: null,
17 verbose parsed url   auth: null,
17 verbose parsed url   host: null,
17 verbose parsed url   port: null,
17 verbose parsed url   hostname: null,
17 verbose parsed url   hash: null,
17 verbose parsed url   search: null,
17 verbose parsed url   query: null,
17 verbose parsed url   pathname: '^3.5.6',
17 verbose parsed url   path: '^3.5.6',
17 verbose parsed url   href: '^3.5.6' }
18 verbose addNamed [ 'gulp', '^3.5.6' ]
19 verbose addNamed [ null, '>=3.5.6-0 <4.0.0-0' ]
20 verbose cache add [ 'gulp-concat@^2.2.0', null ]
21 verbose cache add name=undefined spec="gulp-concat@^2.2.0" args=["gulp-concat@^2.2.0",null]
22 verbose parsed url { protocol: null,
22 verbose parsed url   slashes: null,
22 verbose parsed url   auth: null,
22 verbose parsed url   host: null,
22 verbose parsed url   port: null,
22 verbose parsed url   hostname: null,
22 verbose parsed url   hash: null,
22 verbose parsed url   search: null,
22 verbose parsed url   query: null,
22 verbose parsed url   pathname: 'gulp-concat@^2.2.0',
22 verbose parsed url   path: 'gulp-concat@^2.2.0',
22 verbose parsed url   href: 'gulp-concat@^2.2.0' }
23 verbose cache add [ 'gulp-minify-css@^0.3.0', null ]
24 verbose cache add name=undefined spec="gulp-minify-css@^0.3.0" args=["gulp-minify-css@^0.3.0",null]
25 verbose parsed url { protocol: null,
25 verbose parsed url   slashes: null,
25 verbose parsed url   auth: null,
25 verbose parsed url   host: null,
25 verbose parsed url   port: null,
25 verbose parsed url   hostname: null,
25 verbose parsed url   hash: null,
25 verbose parsed url   search: null,
25 verbose parsed url   query: null,
25 verbose parsed url   pathname: 'gulp-minify-css@^0.3.0',
25 verbose parsed url   path: 'gulp-minify-css@^0.3.0',
25 verbose parsed url   href: 'gulp-minify-css@^0.3.0' }
26 verbose cache add name="gulp-sass" spec="^1.3.3" args=["gulp-sass","^1.3.3"]
27 verbose parsed url { protocol: null,
27 verbose parsed url   slashes: null,
27 verbose parsed url   auth: null,
27 verbose parsed url   host: null,
27 verbose parsed url   port: null,
27 verbose parsed url   hostname: null,
27 verbose parsed url   hash: null,
27 verbose parsed url   search: null,
27 verbose parsed url   query: null,
27 verbose parsed url   pathname: '^1.3.3',
27 verbose parsed url   path: '^1.3.3',
27 verbose parsed url   href: '^1.3.3' }
28 verbose addNamed [ 'gulp-sass', '^1.3.3' ]
29 verbose addNamed [ null, '>=1.3.3-0 <2.0.0-0' ]
30 silly lockFile 28ac0b1b-gulp-3-5-6 gulp@^3.5.6
31 verbose lock gulp@^3.5.6 /Users/andreaterzani/.npm/28ac0b1b-gulp-3-5-6.lock
32 silly lockFile c5cae820-gulp-sass-1-3-3 gulp-sass@^1.3.3
33 verbose lock gulp-sass@^1.3.3 /Users/andreaterzani/.npm/c5cae820-gulp-sass-1-3-3.lock
34 verbose cache add name="gulp-concat" spec="^2.2.0" args=["gulp-concat","^2.2.0"]
35 verbose parsed url { protocol: null,
35 verbose parsed url   slashes: null,
35 verbose parsed url   auth: null,
35 verbose parsed url   host: null,
35 verbose parsed url   port: null,
35 verbose parsed url   hostname: null,
35 verbose parsed url   hash: null,
35 verbose parsed url   search: null,
35 verbose parsed url   query: null,
35 verbose parsed url   pathname: '^2.2.0',
35 verbose parsed url   path: '^2.2.0',
35 verbose parsed url   href: '^2.2.0' }
36 verbose addNamed [ 'gulp-concat', '^2.2.0' ]
37 verbose addNamed [ null, '>=2.2.0-0 <3.0.0-0' ]
38 silly lockFile bade1119-gulp-concat-2-2-0 gulp-concat@^2.2.0
39 verbose lock gulp-concat@^2.2.0 /Users/andreaterzani/.npm/bade1119-gulp-concat-2-2-0.lock
40 verbose cache add [ 'gulp-rename@^1.2.0', null ]
41 verbose cache add name=undefined spec="gulp-rename@^1.2.0" args=["gulp-rename@^1.2.0",null]
42 verbose parsed url { protocol: null,
42 verbose parsed url   slashes: null,
42 verbose parsed url   auth: null,
42 verbose parsed url   host: null,
42 verbose parsed url   port: null,
42 verbose parsed url   hostname: null,
42 verbose parsed url   hash: null,
42 verbose parsed url   search: null,
42 verbose parsed url   query: null,
42 verbose parsed url   pathname: 'gulp-rename@^1.2.0',
42 verbose parsed url   path: 'gulp-rename@^1.2.0',
42 verbose parsed url   href: 'gulp-rename@^1.2.0' }
43 verbose cache add name="gulp-minify-css" spec="^0.3.0" args=["gulp-minify-css","^0.3.0"]
44 verbose parsed url { protocol: null,
44 verbose parsed url   slashes: null,
44 verbose parsed url   auth: null,
44 verbose parsed url   host: null,
44 verbose parsed url   port: null,
44 verbose parsed url   hostname: null,
44 verbose parsed url   hash: null,
44 verbose parsed url   search: null,
44 verbose parsed url   query: null,
44 verbose parsed url   pathname: '^0.3.0',
44 verbose parsed url   path: '^0.3.0',
44 verbose parsed url   href: '^0.3.0' }
45 verbose addNamed [ 'gulp-minify-css', '^0.3.0' ]
46 verbose addNamed [ null, '>=0.3.0-0 <0.4.0-0' ]
47 silly lockFile 97140670-gulp-minify-css-0-3-0 gulp-minify-css@^0.3.0
48 verbose lock gulp-minify-css@^0.3.0 /Users/andreaterzani/.npm/97140670-gulp-minify-css-0-3-0.lock
49 verbose cache add [ 'bower@^1.3.3', null ]
50 verbose cache add name=undefined spec="bower@^1.3.3" args=["bower@^1.3.3",null]
51 verbose parsed url { protocol: null,
51 verbose parsed url   slashes: null,
51 verbose parsed url   auth: null,
51 verbose parsed url   host: null,
51 verbose parsed url   port: null,
51 verbose parsed url   hostname: null,
51 verbose parsed url   hash: null,
51 verbose parsed url   search: null,
51 verbose parsed url   query: null,
51 verbose parsed url   pathname: 'bower@^1.3.3',
51 verbose parsed url   path: 'bower@^1.3.3',
51 verbose parsed url   href: 'bower@^1.3.3' }
52 verbose cache add name="gulp-rename" spec="^1.2.0" args=["gulp-rename","^1.2.0"]
53 verbose parsed url { protocol: null,
53 verbose parsed url   slashes: null,
53 verbose parsed url   auth: null,
53 verbose parsed url   host: null,
53 verbose parsed url   port: null,
53 verbose parsed url   hostname: null,
53 verbose parsed url   hash: null,
53 verbose parsed url   search: null,
53 verbose parsed url   query: null,
53 verbose parsed url   pathname: '^1.2.0',
53 verbose parsed url   path: '^1.2.0',
53 verbose parsed url   href: '^1.2.0' }
54 verbose addNamed [ 'gulp-rename', '^1.2.0' ]
55 verbose addNamed [ null, '>=1.2.0-0 <2.0.0-0' ]
56 silly lockFile 31cef36d-gulp-rename-1-2-0 gulp-rename@^1.2.0
57 verbose lock gulp-rename@^1.2.0 /Users/andreaterzani/.npm/31cef36d-gulp-rename-1-2-0.lock
58 silly addNameRange { name: 'gulp', range: '>=3.5.6-0 <4.0.0-0', hasData: false }
59 silly addNameRange { name: 'gulp-sass',
59 silly addNameRange   range: '>=1.3.3-0 <2.0.0-0',
59 silly addNameRange   hasData: false }
60 silly addNameRange { name: 'gulp-concat',
60 silly addNameRange   range: '>=2.2.0-0 <3.0.0-0',
60 silly addNameRange   hasData: false }
61 verbose cache add [ 'gulp-util@^2.2.14', null ]
62 verbose cache add name=undefined spec="gulp-util@^2.2.14" args=["gulp-util@^2.2.14",null]
63 verbose parsed url { protocol: null,
63 verbose parsed url   slashes: null,
63 verbose parsed url   auth: null,
63 verbose parsed url   host: null,
63 verbose parsed url   port: null,
63 verbose parsed url   hostname: null,
63 verbose parsed url   hash: null,
63 verbose parsed url   search: null,
63 verbose parsed url   query: null,
63 verbose parsed url   pathname: 'gulp-util@^2.2.14',
63 verbose parsed url   path: 'gulp-util@^2.2.14',
63 verbose parsed url   href: 'gulp-util@^2.2.14' }
64 verbose cache add [ 'shelljs@^0.3.0', null ]
65 verbose cache add name=undefined spec="shelljs@^0.3.0" args=["shelljs@^0.3.0",null]
66 verbose parsed url { protocol: null,
66 verbose parsed url   slashes: null,
66 verbose parsed url   auth: null,
66 verbose parsed url   host: null,
66 verbose parsed url   port: null,
66 verbose parsed url   hostname: null,
66 verbose parsed url   hash: null,
66 verbose parsed url   search: null,
66 verbose parsed url   query: null,
66 verbose parsed url   pathname: 'shelljs@^0.3.0',
66 verbose parsed url   path: 'shelljs@^0.3.0',
66 verbose parsed url   href: 'shelljs@^0.3.0' }
67 verbose cache add name="bower" spec="^1.3.3" args=["bower","^1.3.3"]
68 verbose parsed url { protocol: null,
68 verbose parsed url   slashes: null,
68 verbose parsed url   auth: null,
68 verbose parsed url   host: null,
68 verbose parsed url   port: null,
68 verbose parsed url   hostname: null,
68 verbose parsed url   hash: null,
68 verbose parsed url   search: null,
68 verbose parsed url   query: null,
68 verbose parsed url   pathname: '^1.3.3',
68 verbose parsed url   path: '^1.3.3',
68 verbose parsed url   href: '^1.3.3' }
69 verbose addNamed [ 'bower', '^1.3.3' ]
70 verbose addNamed [ null, '>=1.3.3-0 <2.0.0-0' ]
71 silly lockFile 0aa5c27e-bower-1-3-3 bower@^1.3.3
72 verbose lock bower@^1.3.3 /Users/andreaterzani/.npm/0aa5c27e-bower-1-3-3.lock
73 silly addNameRange { name: 'gulp-minify-css',
73 silly addNameRange   range: '>=0.3.0-0 <0.4.0-0',
73 silly addNameRange   hasData: false }
74 verbose request where is /gulp
75 verbose request registry https://registry.npmjs.org/
76 verbose request id dc122c0402748c5c
77 verbose url raw /gulp
78 verbose url resolving [ 'https://registry.npmjs.org/', './gulp' ]
79 verbose url resolved https://registry.npmjs.org/gulp
80 verbose request where is https://registry.npmjs.org/gulp
81 info trying registry request attempt 1 at 12:04:07
82 http GET https://registry.npmjs.org/gulp
83 verbose request where is /gulp-sass
84 verbose request registry https://registry.npmjs.org/
85 verbose url raw /gulp-sass
86 verbose url resolving [ 'https://registry.npmjs.org/', './gulp-sass' ]
87 verbose url resolved https://registry.npmjs.org/gulp-sass
88 verbose request where is https://registry.npmjs.org/gulp-sass
89 info trying registry request attempt 1 at 12:04:07
90 http GET https://registry.npmjs.org/gulp-sass
91 verbose request where is /gulp-concat
92 verbose request registry https://registry.npmjs.org/
93 verbose url raw /gulp-concat
94 verbose url resolving [ 'https://registry.npmjs.org/', './gulp-concat' ]
95 verbose url resolved https://registry.npmjs.org/gulp-concat
96 verbose request where is https://registry.npmjs.org/gulp-concat
97 info trying registry request attempt 1 at 12:04:07
98 http GET https://registry.npmjs.org/gulp-concat
99 verbose cache add name="gulp-util" spec="^2.2.14" args=["gulp-util","^2.2.14"]
100 verbose parsed url { protocol: null,
100 verbose parsed url   slashes: null,
100 verbose parsed url   auth: null,
100 verbose parsed url   host: null,
100 verbose parsed url   port: null,
100 verbose parsed url   hostname: null,
100 verbose parsed url   hash: null,
100 verbose parsed url   search: null,
100 verbose parsed url   query: null,
100 verbose parsed url   pathname: '^2.2.14',
100 verbose parsed url   path: '^2.2.14',
100 verbose parsed url   href: '^2.2.14' }
101 verbose addNamed [ 'gulp-util', '^2.2.14' ]
102 verbose addNamed [ null, '>=2.2.14-0 <3.0.0-0' ]
103 silly lockFile e3e5f16b-gulp-util-2-2-14 gulp-util@^2.2.14
104 verbose lock gulp-util@^2.2.14 /Users/andreaterzani/.npm/e3e5f16b-gulp-util-2-2-14.lock
105 verbose cache add name="shelljs" spec="^0.3.0" args=["shelljs","^0.3.0"]
106 verbose parsed url { protocol: null,
106 verbose parsed url   slashes: null,
106 verbose parsed url   auth: null,
106 verbose parsed url   host: null,
106 verbose parsed url   port: null,
106 verbose parsed url   hostname: null,
106 verbose parsed url   hash: null,
106 verbose parsed url   search: null,
106 verbose parsed url   query: null,
106 verbose parsed url   pathname: '^0.3.0',
106 verbose parsed url   path: '^0.3.0',
106 verbose parsed url   href: '^0.3.0' }
107 verbose addNamed [ 'shelljs', '^0.3.0' ]
108 verbose addNamed [ null, '>=0.3.0-0 <0.4.0-0' ]
109 silly lockFile 1ddaa962-shelljs-0-3-0 shelljs@^0.3.0
110 verbose lock shelljs@^0.3.0 /Users/andreaterzani/.npm/1ddaa962-shelljs-0-3-0.lock
111 silly addNameRange { name: 'gulp-rename',
111 silly addNameRange   range: '>=1.2.0-0 <2.0.0-0',
111 silly addNameRange   hasData: false }
112 verbose request where is /gulp-minify-css
113 verbose request registry https://registry.npmjs.org/
114 verbose url raw /gulp-minify-css
115 verbose url resolving [ 'https://registry.npmjs.org/', './gulp-minify-css' ]
116 verbose url resolved https://registry.npmjs.org/gulp-minify-css
117 verbose request where is https://registry.npmjs.org/gulp-minify-css
118 info trying registry request attempt 1 at 12:04:07
119 http GET https://registry.npmjs.org/gulp-minify-css
120 verbose request where is /gulp-rename
121 verbose request registry https://registry.npmjs.org/
122 verbose url raw /gulp-rename
123 verbose url resolving [ 'https://registry.npmjs.org/', './gulp-rename' ]
124 verbose url resolved https://registry.npmjs.org/gulp-rename
125 verbose request where is https://registry.npmjs.org/gulp-rename
126 info trying registry request attempt 1 at 12:04:07
127 http GET https://registry.npmjs.org/gulp-rename
128 silly addNameRange { name: 'bower', range: '>=1.3.3-0 <2.0.0-0', hasData: false }
129 silly addNameRange { name: 'gulp-util',
129 silly addNameRange   range: '>=2.2.14-0 <3.0.0-0',
129 silly addNameRange   hasData: false }
130 silly addNameRange { name: 'shelljs', range: '>=0.3.0-0 <0.4.0-0', hasData: false }
131 verbose request where is /bower
132 verbose request registry https://registry.npmjs.org/
133 verbose url raw /bower
134 verbose url resolving [ 'https://registry.npmjs.org/', './bower' ]
135 verbose url resolved https://registry.npmjs.org/bower
136 verbose request where is https://registry.npmjs.org/bower
137 info trying registry request attempt 1 at 12:04:07
138 http GET https://registry.npmjs.org/bower
139 verbose request where is /gulp-util
140 verbose request registry https://registry.npmjs.org/
141 verbose url raw /gulp-util
142 verbose url resolving [ 'https://registry.npmjs.org/', './gulp-util' ]
143 verbose url resolved https://registry.npmjs.org/gulp-util
144 verbose request where is https://registry.npmjs.org/gulp-util
145 info trying registry request attempt 1 at 12:04:07
146 http GET https://registry.npmjs.org/gulp-util
147 verbose request where is /shelljs
148 verbose request registry https://registry.npmjs.org/
149 verbose url raw /shelljs
150 verbose url resolving [ 'https://registry.npmjs.org/', './shelljs' ]
151 verbose url resolved https://registry.npmjs.org/shelljs
152 verbose request where is https://registry.npmjs.org/shelljs
153 info trying registry request attempt 1 at 12:04:07
154 verbose etag "F1RNB4VHJJHN31NZS9GSOVHOE"
155 http GET https://registry.npmjs.org/shelljs
156 http 200 https://registry.npmjs.org/gulp-rename
157 silly registry.get cb [ 200,
157 silly registry.get   { server: 'CouchDB/1.5.0 (Erlang OTP/R16B03)',
157 silly registry.get     etag: '"M59Y93CC06MF7RDGE94RGAMS"',
157 silly registry.get     'content-type': 'application/json',
157 silly registry.get     'cache-control': 'max-age=60',
157 silly registry.get     'content-length': '11955',
157 silly registry.get     'accept-ranges': 'bytes',
157 silly registry.get     date: 'Sat, 18 Apr 2015 10:04:07 GMT',
157 silly registry.get     via: '1.1 varnish',
157 silly registry.get     age: '2',
157 silly registry.get     connection: 'keep-alive',
157 silly registry.get     'x-served-by': 'cache-lcy1132-LCY',
157 silly registry.get     'x-cache': 'HIT',
157 silly registry.get     'x-cache-hits': '1',
157 silly registry.get     'x-timer': 'S1429351447.741285,VS0,VE0',
157 silly registry.get     vary: 'Accept' } ]
158 silly addNameRange number 2 { name: 'gulp-rename',
158 silly addNameRange   range: '>=1.2.0-0 <2.0.0-0',
158 silly addNameRange   hasData: true }
159 silly addNameRange versions [ 'gulp-rename',
159 silly addNameRange   [ '0.1.0', '0.2.1', '0.2.2', '1.0.0', '1.1.0', '1.2.0', '1.2.2' ] ]
160 verbose addNamed [ 'gulp-rename', '1.2.2' ]
161 verbose addNamed [ '1.2.2', '1.2.2' ]
162 silly lockFile 36a270fc-gulp-rename-1-2-2 gulp-rename@1.2.2
163 verbose lock gulp-rename@1.2.2 /Users/andreaterzani/.npm/36a270fc-gulp-rename-1-2-2.lock
164 silly lockFile 12c1b996-ulp-rename-gulp-rename-1-2-2-tgz https://registry.npmjs.org/gulp-rename/-/gulp-rename-1.2.2.tgz
165 verbose lock https://registry.npmjs.org/gulp-rename/-/gulp-rename-1.2.2.tgz /Users/andreaterzani/.npm/12c1b996-ulp-rename-gulp-rename-1-2-2-tgz.lock
166 verbose addRemoteTarball [ 'https://registry.npmjs.org/gulp-rename/-/gulp-rename-1.2.2.tgz',
166 verbose addRemoteTarball   '3ad4428763f05e2764dec1c67d868db275687817' ]
167 info retry fetch attempt 1 at 12:04:07
168 verbose fetch to= /var/folders/4f/73d_j4850wb95b_bqmgtmbf40000gn/T/npm-1074-yr-yflv6/registry.npmjs.org/gulp-rename/-/gulp-rename-1.2.2.tgz
169 http GET https://registry.npmjs.org/gulp-rename/-/gulp-rename-1.2.2.tgz
170 http 200 https://registry.npmjs.org/gulp-sass
171 silly registry.get cb [ 200,
171 silly registry.get   { server: 'CouchDB/1.5.0 (Erlang OTP/R16B03)',
171 silly registry.get     etag: '"AYBORDXO8R84T989MSDP64W8W"',
171 silly registry.get     'content-type': 'application/json',
171 silly registry.get     'cache-control': 'max-age=60',
171 silly registry.get     'content-length': '33348',
171 silly registry.get     'accept-ranges': 'bytes',
171 silly registry.get     date: 'Sat, 18 Apr 2015 10:04:07 GMT',
171 silly registry.get     via: '1.1 varnish',
171 silly registry.get     age: '2',
171 silly registry.get     connection: 'keep-alive',
171 silly registry.get     'x-served-by': 'cache-lcy1128-LCY',
171 silly registry.get     'x-cache': 'HIT',
171 silly registry.get     'x-cache-hits': '1',
171 silly registry.get     'x-timer': 'S1429351447.720241,VS0,VE0',
171 silly registry.get     vary: 'Accept' } ]
172 silly addNameRange number 2 { name: 'gulp-sass', range: '>=1.3.3-0 <2.0.0-0', hasData: true }
173 silly addNameRange versions [ 'gulp-sass',
173 silly addNameRange   [ '0.1.0',
173 silly addNameRange     '0.2.1',
173 silly addNameRange     '0.2.2',
173 silly addNameRange     '0.2.3',
173 silly addNameRange     '0.3.0',
173 silly addNameRange     '0.4.0',
173 silly addNameRange     '0.4.1',
173 silly addNameRange     '0.5.0',
173 silly addNameRange     '0.5.1',
173 silly addNameRange     '0.5.2',
173 silly addNameRange     '0.6.0',
173 silly addNameRange     '0.7.0',
173 silly addNameRange     '0.7.1',
173 silly addNameRange     '0.7.2',
173 silly addNameRange     '0.7.3',
173 silly addNameRange     '1.0.0',
173 silly addNameRange     '1.1.0',
173 silly addNameRange     '1.2.0',
173 silly addNameRange     '1.2.1',
173 silly addNameRange     '1.2.2',
173 silly addNameRange     '1.2.3',
173 silly addNameRange     '1.2.4',
173 silly addNameRange     '1.3.0',
173 silly addNameRange     '1.3.1',
173 silly addNameRange     '1.3.2',
173 silly addNameRange     '1.3.3',
173 silly addNameRange     '2.0.0-alpha.1' ] ]
174 verbose addNamed [ 'gulp-sass', '1.3.3' ]
175 verbose addNamed [ '1.3.3', '1.3.3' ]
176 silly lockFile bd3023a4-gulp-sass-1-3-3 gulp-sass@1.3.3
177 verbose lock gulp-sass@1.3.3 /Users/andreaterzani/.npm/bd3023a4-gulp-sass-1-3-3.lock
178 silly lockFile 9876ba90-rg-gulp-sass-gulp-sass-1-3-3-tgz https://registry.npmjs.org/gulp-sass/-/gulp-sass-1.3.3.tgz
179 verbose lock https://registry.npmjs.org/gulp-sass/-/gulp-sass-1.3.3.tgz /Users/andreaterzani/.npm/9876ba90-rg-gulp-sass-gulp-sass-1-3-3-tgz.lock
180 verbose addRemoteTarball [ 'https://registry.npmjs.org/gulp-sass/-/gulp-sass-1.3.3.tgz',
180 verbose addRemoteTarball   '66da87646bbfd299988c8ebbe94cefaff50e5662' ]
181 info retry fetch attempt 1 at 12:04:08
182 verbose fetch to= /var/folders/4f/73d_j4850wb95b_bqmgtmbf40000gn/T/npm-1074-yr-yflv6/registry.npmjs.org/gulp-sass/-/gulp-sass-1.3.3.tgz
183 http GET https://registry.npmjs.org/gulp-sass/-/gulp-sass-1.3.3.tgz
184 http 200 https://registry.npmjs.org/gulp-concat
185 silly registry.get cb [ 200,
185 silly registry.get   { server: 'CouchDB/1.5.0 (Erlang OTP/R16B03)',
185 silly registry.get     etag: '"4YCOF3YFES0U1DY6YSETT3GG5"',
185 silly registry.get     'content-type': 'application/json',
185 silly registry.get     'cache-control': 'max-age=60',
185 silly registry.get     'content-length': '34799',
185 silly registry.get     'accept-ranges': 'bytes',
185 silly registry.get     date: 'Sat, 18 Apr 2015 10:04:07 GMT',
185 silly registry.get     via: '1.1 varnish',
185 silly registry.get     age: '3',
185 silly registry.get     connection: 'keep-alive',
185 silly registry.get     'x-served-by': 'cache-lcy1127-LCY',
185 silly registry.get     'x-cache': 'HIT',
185 silly registry.get     'x-cache-hits': '1',
185 silly registry.get     'x-timer': 'S1429351447.692160,VS0,VE0',
185 silly registry.get     vary: 'Accept' } ]
186 silly addNameRange number 2 { name: 'gulp-concat',
186 silly addNameRange   range: '>=2.2.0-0 <3.0.0-0',
186 silly addNameRange   hasData: true }
187 silly addNameRange versions [ 'gulp-concat',
187 silly addNameRange   [ '0.0.1',
187 silly addNameRange     '1.0.0',
187 silly addNameRange     '1.1.0',
187 silly addNameRange     '2.0.0',
187 silly addNameRange     '2.1.0',
187 silly addNameRange     '2.1.1',
187 silly addNameRange     '2.1.2',
187 silly addNameRange     '2.1.3',
187 silly addNameRange     '2.1.4',
187 silly addNameRange     '2.1.5',
187 silly addNameRange     '2.1.6',
187 silly addNameRange     '2.1.7',
187 silly addNameRange     '2.2.0',
187 silly addNameRange     '2.3.0',
187 silly addNameRange     '2.3.3',
187 silly addNameRange     '2.3.4',
187 silly addNameRange     '2.3.5',
187 silly addNameRange     '2.4.0',
187 silly addNameRange     '2.4.1',
187 silly addNameRange     '2.4.2',
187 silly addNameRange     '2.4.3',
187 silly addNameRange     '2.5.0',
187 silly addNameRange     '2.5.1',
187 silly addNameRange     '2.5.2' ] ]
188 verbose addNamed [ 'gulp-concat', '2.5.2' ]
189 verbose addNamed [ '2.5.2', '2.5.2' ]
190 silly lockFile f86cbda2-gulp-concat-2-5-2 gulp-concat@2.5.2
191 verbose lock gulp-concat@2.5.2 /Users/andreaterzani/.npm/f86cbda2-gulp-concat-2-5-2.lock
192 silly lockFile 2b63d021-ulp-concat-gulp-concat-2-5-2-tgz https://registry.npmjs.org/gulp-concat/-/gulp-concat-2.5.2.tgz
193 verbose lock https://registry.npmjs.org/gulp-concat/-/gulp-concat-2.5.2.tgz /Users/andreaterzani/.npm/2b63d021-ulp-concat-gulp-concat-2-5-2-tgz.lock
194 http 200 https://registry.npmjs.org/gulp-minify-css
195 silly registry.get cb [ 200,
195 silly registry.get   { server: 'CouchDB/1.5.0 (Erlang OTP/R16B03)',
195 silly registry.get     etag: '"3WW1ACBB7M7F06SB2SNXAS1CW"',
195 silly registry.get     'content-type': 'application/json',
195 silly registry.get     'cache-control': 'max-age=60',
195 silly registry.get     'content-length': '42311',
195 silly registry.get     'accept-ranges': 'bytes',
195 silly registry.get     date: 'Sat, 18 Apr 2015 10:04:07 GMT',
195 silly registry.get     via: '1.1 varnish',
195 silly registry.get     age: '53',
195 silly registry.get     connection: 'keep-alive',
195 silly registry.get     'x-served-by': 'cache-lcy1120-LCY',
195 silly registry.get     'x-cache': 'HIT',
195 silly registry.get     'x-cache-hits': '1',
195 silly registry.get     'x-timer': 'S1429351447.685174,VS0,VE0',
195 silly registry.get     vary: 'Accept' } ]
196 verbose addRemoteTarball [ 'https://registry.npmjs.org/gulp-concat/-/gulp-concat-2.5.2.tgz',
196 verbose addRemoteTarball   'd644372cdc2b3cdb421a8a941c8d74e21d815f14' ]
197 info retry fetch attempt 1 at 12:04:08
198 verbose fetch to= /var/folders/4f/73d_j4850wb95b_bqmgtmbf40000gn/T/npm-1074-yr-yflv6/registry.npmjs.org/gulp-concat/-/gulp-concat-2.5.2.tgz
199 http GET https://registry.npmjs.org/gulp-concat/-/gulp-concat-2.5.2.tgz
200 silly addNameRange number 2 { name: 'gulp-minify-css',
200 silly addNameRange   range: '>=0.3.0-0 <0.4.0-0',
200 silly addNameRange   hasData: true }
201 silly addNameRange versions [ 'gulp-minify-css',
201 silly addNameRange   [ '0.0.1',
201 silly addNameRange     '0.1.0',
201 silly addNameRange     '0.2.0',
201 silly addNameRange     '0.3.0',
201 silly addNameRange     '0.3.1',
201 silly addNameRange     '0.3.2',
201 silly addNameRange     '0.3.3',
201 silly addNameRange     '0.3.4',
201 silly addNameRange     '0.3.5',
201 silly addNameRange     '0.3.6',
201 silly addNameRange     '0.3.7',
201 silly addNameRange     '0.3.8',
201 silly addNameRange     '0.3.9',
201 silly addNameRange     '0.3.10',
201 silly addNameRange     '0.3.11',
201 silly addNameRange     '0.3.12',
201 silly addNameRange     '0.3.13',
201 silly addNameRange     '0.4.0',
201 silly addNameRange     '0.4.1',
201 silly addNameRange     '0.4.2',
201 silly addNameRange     '0.4.3',
201 silly addNameRange     '0.4.4',
201 silly addNameRange     '0.4.5',
201 silly addNameRange     '0.4.6',
201 silly addNameRange     '0.5.0',
201 silly addNameRange     '0.5.1',
201 silly addNameRange     '1.0.0' ] ]
202 verbose addNamed [ 'gulp-minify-css', '0.3.13' ]
203 verbose addNamed [ '0.3.13', '0.3.13' ]
204 silly lockFile 9038a954-gulp-minify-css-0-3-13 gulp-minify-css@0.3.13
205 verbose lock gulp-minify-css@0.3.13 /Users/andreaterzani/.npm/9038a954-gulp-minify-css-0-3-13.lock
206 silly lockFile 8781e9f5-y-css-gulp-minify-css-0-3-13-tgz https://registry.npmjs.org/gulp-minify-css/-/gulp-minify-css-0.3.13.tgz
207 verbose lock https://registry.npmjs.org/gulp-minify-css/-/gulp-minify-css-0.3.13.tgz /Users/andreaterzani/.npm/8781e9f5-y-css-gulp-minify-css-0-3-13-tgz.lock
208 verbose addRemoteTarball [ 'https://registry.npmjs.org/gulp-minify-css/-/gulp-minify-css-0.3.13.tgz',
208 verbose addRemoteTarball   'ba813c665422868305383ccd185f239c1e35209b' ]
209 info retry fetch attempt 1 at 12:04:08
210 verbose fetch to= /var/folders/4f/73d_j4850wb95b_bqmgtmbf40000gn/T/npm-1074-yr-yflv6/registry.npmjs.org/gulp-minify-css/-/gulp-minify-css-0.3.13.tgz
211 http GET https://registry.npmjs.org/gulp-minify-css/-/gulp-minify-css-0.3.13.tgz
212 http 304 https://registry.npmjs.org/shelljs
213 silly registry.get cb [ 304,
213 silly registry.get   { date: 'Sat, 18 Apr 2015 10:04:08 GMT',
213 silly registry.get     via: '1.1 varnish',
213 silly registry.get     'last-modified': 'Sat, 18 Apr 2015 10:04:08 GMT',
213 silly registry.get     'cache-control': 'max-age=60',
213 silly registry.get     etag: '"F1RNB4VHJJHN31NZS9GSOVHOE"',
213 silly registry.get     age: '11',
213 silly registry.get     connection: 'keep-alive',
213 silly registry.get     'x-served-by': 'cache-lcy1127-LCY',
213 silly registry.get     'x-cache': 'HIT',
213 silly registry.get     'x-cache-hits': '1',
213 silly registry.get     'x-timer': 'S1429351448.190049,VS0,VE0',
213 silly registry.get     vary: 'Accept' } ]
214 verbose etag https://registry.npmjs.org/shelljs from cache
215 silly addNameRange number 2 { name: 'shelljs', range: '>=0.3.0-0 <0.4.0-0', hasData: true }
216 silly addNameRange versions [ 'shelljs',
216 silly addNameRange   [ '0.0.1',
216 silly addNameRange     '0.0.2',
216 silly addNameRange     '0.0.3',
216 silly addNameRange     '0.0.4',
216 silly addNameRange     '0.0.5',
216 silly addNameRange     '0.0.6',
216 silly addNameRange     '0.0.7',
216 silly addNameRange     '0.0.8',
216 silly addNameRange     '0.0.9',
216 silly addNameRange     '0.1.0',
216 silly addNameRange     '0.1.1',
216 silly addNameRange     '0.1.2',
216 silly addNameRange     '0.1.3',
216 silly addNameRange     '0.1.4',
216 silly addNameRange     '0.2.0',
216 silly addNameRange     '0.2.1',
216 silly addNameRange     '0.2.2',
216 silly addNameRange     '0.2.3',
216 silly addNameRange     '0.2.4',
216 silly addNameRange     '0.2.5',
216 silly addNameRange     '0.2.6',
216 silly addNameRange     '0.3.0',
216 silly addNameRange     '0.4.0',
216 silly addNameRange     '0.0.1-alpha1',
216 silly addNameRange     '0.0.2-pre1',
216 silly addNameRange     '0.0.4-pre1',
216 silly addNameRange     '0.0.5-pre1',
216 silly addNameRange     '0.0.5-pre2',
216 silly addNameRange     '0.0.5-pre3',
216 silly addNameRange     '0.0.5-pre4',
216 silly addNameRange     '0.0.6-pre1',
216 silly addNameRange     '0.0.6-pre2' ] ]
217 verbose addNamed [ 'shelljs', '0.3.0' ]
218 verbose addNamed [ '0.3.0', '0.3.0' ]
219 silly lockFile 7d3918b1-shelljs-0-3-0 shelljs@0.3.0
220 verbose lock shelljs@0.3.0 /Users/andreaterzani/.npm/7d3918b1-shelljs-0-3-0.lock
221 silly lockFile 7d3918b1-shelljs-0-3-0 shelljs@0.3.0
222 silly lockFile 7d3918b1-shelljs-0-3-0 shelljs@0.3.0
223 silly lockFile 1ddaa962-shelljs-0-3-0 shelljs@^0.3.0
224 silly lockFile 1ddaa962-shelljs-0-3-0 shelljs@^0.3.0
225 http 200 https://registry.npmjs.org/gulp
226 silly registry.get cb [ 200,
226 silly registry.get   { server: 'CouchDB/1.5.0 (Erlang OTP/R16B03)',
226 silly registry.get     etag: '"7XOEYBN5R41TN9ADESYU81NDY"',
226 silly registry.get     'content-type': 'application/json',
226 silly registry.get     'cache-control': 'max-age=60',
226 silly registry.get     'content-length': '100855',
226 silly registry.get     'accept-ranges': 'bytes',
226 silly registry.get     date: 'Sat, 18 Apr 2015 10:04:07 GMT',
226 silly registry.get     via: '1.1 varnish',
226 silly registry.get     age: '3',
226 silly registry.get     connection: 'keep-alive',
226 silly registry.get     'x-served-by': 'cache-lcy1127-LCY',
226 silly registry.get     'x-cache': 'HIT',
226 silly registry.get     'x-cache-hits': '1',
226 silly registry.get     'x-timer': 'S1429351447.758709,VS0,VE0',
226 silly registry.get     vary: 'Accept' } ]
227 silly addNameRange number 2 { name: 'gulp', range: '>=3.5.6-0 <4.0.0-0', hasData: true }
228 silly addNameRange versions [ 'gulp',
228 silly addNameRange   [ '0.0.1',
228 silly addNameRange     '0.0.2',
228 silly addNameRange     '0.0.3',
228 silly addNameRange     '0.0.4',
228 silly addNameRange     '0.0.5',
228 silly addNameRange     '0.0.7',
228 silly addNameRange     '0.0.8',
228 silly addNameRange     '0.0.9',
228 silly addNameRange     '0.1.0',
228 silly addNameRange     '0.2.0',
228 silly addNameRange     '1.0.0',
228 silly addNameRange     '1.1.0',
228 silly addNameRange     '1.2.0',
228 silly addNameRange     '1.2.1',
228 silly addNameRange     '2.0.0',
228 silly addNameRange     '2.0.1',
228 silly addNameRange     '2.1.0',
228 silly addNameRange     '2.2.0',
228 silly addNameRange     '2.3.0',
228 silly addNameRange     '2.4.0',
228 silly addNameRange     '2.4.1',
228 silly addNameRange     '2.6.0',
228 silly addNameRange     '2.6.1',
228 silly addNameRange     '2.7.0',
228 silly addNameRange     '3.0.0',
228 silly addNameRange     '3.1.1',
228 silly addNameRange     '3.1.2',
228 silly addNameRange     '3.1.3',
228 silly addNameRange     '3.1.4',
228 silly addNameRange     '3.2.0',
228 silly addNameRange     '3.2.1',
228 silly addNameRange     '3.2.2',
228 silly addNameRange     '3.2.3',
228 silly addNameRange     '3.2.4',
228 silly addNameRange     '3.2.5',
228 silly addNameRange     '3.3.0',
228 silly addNameRange     '3.3.1',
228 silly addNameRange     '3.3.2',
228 silly addNameRange     '3.3.4',
228 silly addNameRange     '3.4.0',
228 silly addNameRange     '3.5.0',
228 silly addNameRange     '3.5.1',
228 silly addNameRange     '3.5.2',
228 silly addNameRange     '3.5.5',
228 silly addNameRange     '3.5.6',
228 silly addNameRange     '3.6.0',
228 silly addNameRange     '3.6.1',
228 silly addNameRange     '3.6.2',
228 silly addNameRange     '3.7.0',
228 silly addNameRange     '3.8.0',
228 silly addNameRange     '3.8.1',
228 silly addNameRange     '3.8.2',
228 silly addNameRange     '3.8.3',
228 silly addNameRange     '3.8.4',
228 silly addNameRange     '3.8.5',
228 silly addNameRange     '3.8.6',
228 silly addNameRange     '3.8.7',
228 silly addNameRange     '3.8.8',
228 silly addNameRange     '3.8.9',
228 silly addNameRange     '3.8.10',
228 silly addNameRange     '3.8.11' ] ]
229 verbose addNamed [ 'gulp', '3.8.11' ]
230 verbose addNamed [ '3.8.11', '3.8.11' ]
231 silly lockFile 3d31ec08-gulp-3-8-11 gulp@3.8.11
232 verbose lock gulp@3.8.11 /Users/andreaterzani/.npm/3d31ec08-gulp-3-8-11.lock
233 silly lockFile 2528ddbe-y-npmjs-org-gulp-gulp-3-8-11-tgz https://registry.npmjs.org/gulp/-/gulp-3.8.11.tgz
234 verbose lock https://registry.npmjs.org/gulp/-/gulp-3.8.11.tgz /Users/andreaterzani/.npm/2528ddbe-y-npmjs-org-gulp-gulp-3-8-11-tgz.lock
235 verbose addRemoteTarball [ 'https://registry.npmjs.org/gulp/-/gulp-3.8.11.tgz',
235 verbose addRemoteTarball   'd557e0a7283eb4136491969b0497767972f1d28a' ]
236 info retry fetch attempt 1 at 12:04:08
237 verbose fetch to= /var/folders/4f/73d_j4850wb95b_bqmgtmbf40000gn/T/npm-1074-yr-yflv6/registry.npmjs.org/gulp/-/gulp-3.8.11.tgz
238 http GET https://registry.npmjs.org/gulp/-/gulp-3.8.11.tgz
239 http 200 https://registry.npmjs.org/gulp-util
240 silly registry.get cb [ 200,
240 silly registry.get   { server: 'CouchDB/1.5.0 (Erlang OTP/R16B03)',
240 silly registry.get     etag: '"1F3S7YRGC9E1JYDHP642F3Y4Y"',
240 silly registry.get     'content-type': 'application/json',
240 silly registry.get     'cache-control': 'max-age=60',
240 silly registry.get     'content-length': '55243',
240 silly registry.get     'accept-ranges': 'bytes',
240 silly registry.get     date: 'Sat, 18 Apr 2015 10:04:08 GMT',
240 silly registry.get     via: '1.1 varnish',
240 silly registry.get     age: '51',
240 silly registry.get     connection: 'keep-alive',
240 silly registry.get     'x-served-by': 'cache-lcy1128-LCY',
240 silly registry.get     'x-cache': 'HIT',
240 silly registry.get     'x-cache-hits': '1',
240 silly registry.get     'x-timer': 'S1429351448.082684,VS0,VE0',
240 silly registry.get     vary: 'Accept' } ]
241 silly addNameRange number 2 { name: 'gulp-util',
241 silly addNameRange   range: '>=2.2.14-0 <3.0.0-0',
241 silly addNameRange   hasData: true }
242 silly addNameRange versions [ 'gulp-util',
242 silly addNameRange   [ '0.0.1',
242 silly addNameRange     '1.0.0',
242 silly addNameRange     '1.1.0',
242 silly addNameRange     '1.1.1',
242 silly addNameRange     '1.2.0',
242 silly addNameRange     '1.3.0',
242 silly addNameRange     '2.0.0',
242 silly addNameRange     '2.1.1',
242 silly addNameRange     '2.1.2',
242 silly addNameRange     '2.1.3',
242 silly addNameRange     '2.1.4',
242 silly addNameRange     '2.2.0',
242 silly addNameRange     '2.2.1',
242 silly addNameRange     '2.2.2',
242 silly addNameRange     '2.2.3',
242 silly addNameRange     '2.2.5',
242 silly addNameRange     '2.2.6',
242 silly addNameRange     '2.2.7',
242 silly addNameRange     '2.2.8',
242 silly addNameRange     '2.2.9',
242 silly addNameRange     '2.2.10',
242 silly addNameRange     '2.2.11',
242 silly addNameRange     '2.2.12',
242 silly addNameRange     '2.2.13',
242 silly addNameRange     '2.2.14',
242 silly addNameRange     '2.2.15',
242 silly addNameRange     '2.2.16',
242 silly addNameRange     '2.2.17',
242 silly addNameRange     '2.2.18',
242 silly addNameRange     '2.2.19',
242 silly addNameRange     '2.2.20',
242 silly addNameRange     '3.0.0',
242 silly addNameRange     '3.0.1',
242 silly addNameRange     '3.0.2',
242 silly addNameRange     '3.0.3',
242 silly addNameRange     '3.0.4' ] ]
243 verbose addNamed [ 'gulp-util', '2.2.20' ]
244 verbose addNamed [ '2.2.20', '2.2.20' ]
245 silly lockFile 48c194cb-gulp-util-2-2-20 gulp-util@2.2.20
246 verbose lock gulp-util@2.2.20 /Users/andreaterzani/.npm/48c194cb-gulp-util-2-2-20.lock
247 silly lockFile 34166e88-g-gulp-util-gulp-util-2-2-20-tgz https://registry.npmjs.org/gulp-util/-/gulp-util-2.2.20.tgz
248 verbose lock https://registry.npmjs.org/gulp-util/-/gulp-util-2.2.20.tgz /Users/andreaterzani/.npm/34166e88-g-gulp-util-gulp-util-2-2-20-tgz.lock
249 verbose addRemoteTarball [ 'https://registry.npmjs.org/gulp-util/-/gulp-util-2.2.20.tgz',
249 verbose addRemoteTarball   'd7146e5728910bd8f047a6b0b1e549bc22dbd64c' ]
250 info retry fetch attempt 1 at 12:04:08
251 verbose fetch to= /var/folders/4f/73d_j4850wb95b_bqmgtmbf40000gn/T/npm-1074-yr-yflv6/registry.npmjs.org/gulp-util/-/gulp-util-2.2.20.tgz
252 http GET https://registry.npmjs.org/gulp-util/-/gulp-util-2.2.20.tgz
253 http 200 https://registry.npmjs.org/bower
254 silly registry.get cb [ 200,
254 silly registry.get   { server: 'CouchDB/1.5.0 (Erlang OTP/R16B03)',
254 silly registry.get     etag: '"67TYGFPW0ZAHCFMOMDD205HK4"',
254 silly registry.get     'content-type': 'application/json',
254 silly registry.get     'cache-control': 'max-age=60',
254 silly registry.get     'content-length': '111622',
254 silly registry.get     'accept-ranges': 'bytes',
254 silly registry.get     date: 'Sat, 18 Apr 2015 10:04:07 GMT',
254 silly registry.get     via: '1.1 varnish',
254 silly registry.get     age: '25',
254 silly registry.get     connection: 'keep-alive',
254 silly registry.get     'x-served-by': 'cache-lcy1132-LCY',
254 silly registry.get     'x-cache': 'HIT',
254 silly registry.get     'x-cache-hits': '1',
254 silly registry.get     'x-timer': 'S1429351447.928587,VS0,VE0',
254 silly registry.get     vary: 'Accept' } ]
255 silly addNameRange number 2 { name: 'bower', range: '>=1.3.3-0 <2.0.0-0', hasData: true }
256 silly addNameRange versions [ 'bower',
256 silly addNameRange   [ '0.1.0',
256 silly addNameRange     '0.1.2',
256 silly addNameRange     '0.1.3',
256 silly addNameRange     '0.2.0',
256 silly addNameRange     '0.3.0',
256 silly addNameRange     '0.3.1',
256 silly addNameRange     '0.3.2',
256 silly addNameRange     '0.4.0',
256 silly addNameRange     '0.5.0',
256 silly addNameRange     '0.5.1',
256 silly addNameRange     '0.6.0',
256 silly addNameRange     '0.6.1',
256 silly addNameRange     '0.6.2',
256 silly addNameRange     '0.6.3',
256 silly addNameRange     '0.6.4',
256 silly addNameRange     '0.6.5',
256 silly addNameRange     '0.6.6',
256 silly addNameRange     '0.6.7',
256 silly addNameRange     '0.6.8',
256 silly addNameRange     '0.7.0',
256 silly addNameRange     '0.7.1',
256 silly addNameRange     '0.8.0',
256 silly addNameRange     '0.8.1',
256 silly addNameRange     '0.8.2',
256 silly addNameRange     '0.8.3',
256 silly addNameRange     '0.8.4',
256 silly addNameRange     '0.8.5',
256 silly addNameRange     '0.8.6',
256 silly addNameRange     '0.9.0',
256 silly addNameRange     '0.9.1',
256 silly addNameRange     '0.9.2',
256 silly addNameRange     '0.10.0',
256 silly addNameRange     '1.0.0',
256 silly addNameRange     '1.0.1',
256 silly addNameRange     '1.0.2',
256 silly addNameRange     '1.0.3',
256 silly addNameRange     '1.1.0',
256 silly addNameRange     '1.1.1',
256 silly addNameRange     '1.1.2',
256 silly addNameRange     '1.2.0',
256 silly addNameRange     '1.2.1',
256 silly addNameRange     '1.2.2',
256 silly addNameRange     '1.2.3',
256 silly addNameRange     '1.2.4',
256 silly addNameRange     '1.2.5',
256 silly addNameRange     '1.2.6',
256 silly addNameRange     '1.2.7',
256 silly addNameRange     '1.2.8',
256 silly addNameRange     '1.3.0',
256 silly addNameRange     '1.3.1',
256 silly addNameRange     '1.3.2',
256 silly addNameRange     '1.3.3',
256 silly addNameRange     '1.3.4',
256 silly addNameRange     '1.3.5',
256 silly addNameRange     '1.3.6',
256 silly addNameRange     '1.3.7',
256 silly addNameRange     '1.3.8',
256 silly addNameRange     '1.3.9',
256 silly addNameRange     '1.3.10',
256 silly addNameRange     '1.3.11',
256 silly addNameRange     '1.3.12',
256 silly addNameRange     '1.4.0',
256 silly addNameRange     '1.4.1' ] ]
257 verbose addNamed [ 'bower', '1.4.1' ]
258 verbose addNamed [ '1.4.1', '1.4.1' ]
259 silly lockFile 185f46c0-bower-1-4-1 bower@1.4.1
260 verbose lock bower@1.4.1 /Users/andreaterzani/.npm/185f46c0-bower-1-4-1.lock
261 silly lockFile 04dcb06b--npmjs-org-bower-bower-1-4-1-tgz https://registry.npmjs.org/bower/-/bower-1.4.1.tgz
262 verbose lock https://registry.npmjs.org/bower/-/bower-1.4.1.tgz /Users/andreaterzani/.npm/04dcb06b--npmjs-org-bower-bower-1-4-1-tgz.lock
263 verbose addRemoteTarball [ 'https://registry.npmjs.org/bower/-/bower-1.4.1.tgz',
263 verbose addRemoteTarball   'a18be39d030792754f30f1c5b32d37b0156ba8dd' ]
264 info retry fetch attempt 1 at 12:04:08
265 verbose fetch to= /var/folders/4f/73d_j4850wb95b_bqmgtmbf40000gn/T/npm-1074-yr-yflv6/registry.npmjs.org/bower/-/bower-1.4.1.tgz
266 http GET https://registry.npmjs.org/bower/-/bower-1.4.1.tgz
267 http 200 https://registry.npmjs.org/gulp-rename/-/gulp-rename-1.2.2.tgz
268 silly lockFile 12c1b996-ulp-rename-gulp-rename-1-2-2-tgz https://registry.npmjs.org/gulp-rename/-/gulp-rename-1.2.2.tgz
269 silly lockFile 12c1b996-ulp-rename-gulp-rename-1-2-2-tgz https://registry.npmjs.org/gulp-rename/-/gulp-rename-1.2.2.tgz
270 silly lockFile 36a270fc-gulp-rename-1-2-2 gulp-rename@1.2.2
271 silly lockFile 36a270fc-gulp-rename-1-2-2 gulp-rename@1.2.2
272 silly lockFile 31cef36d-gulp-rename-1-2-0 gulp-rename@^1.2.0
273 silly lockFile 31cef36d-gulp-rename-1-2-0 gulp-rename@^1.2.0
274 http 200 https://registry.npmjs.org/gulp-sass/-/gulp-sass-1.3.3.tgz
275 http 200 https://registry.npmjs.org/gulp-util/-/gulp-util-2.2.20.tgz
276 silly lockFile 9876ba90-rg-gulp-sass-gulp-sass-1-3-3-tgz https://registry.npmjs.org/gulp-sass/-/gulp-sass-1.3.3.tgz
277 silly lockFile 9876ba90-rg-gulp-sass-gulp-sass-1-3-3-tgz https://registry.npmjs.org/gulp-sass/-/gulp-sass-1.3.3.tgz
278 silly lockFile bd3023a4-gulp-sass-1-3-3 gulp-sass@1.3.3
279 silly lockFile bd3023a4-gulp-sass-1-3-3 gulp-sass@1.3.3
280 silly lockFile c5cae820-gulp-sass-1-3-3 gulp-sass@^1.3.3
281 silly lockFile c5cae820-gulp-sass-1-3-3 gulp-sass@^1.3.3
282 silly lockFile 34166e88-g-gulp-util-gulp-util-2-2-20-tgz https://registry.npmjs.org/gulp-util/-/gulp-util-2.2.20.tgz
283 silly lockFile 34166e88-g-gulp-util-gulp-util-2-2-20-tgz https://registry.npmjs.org/gulp-util/-/gulp-util-2.2.20.tgz
284 silly lockFile 48c194cb-gulp-util-2-2-20 gulp-util@2.2.20
285 silly lockFile 48c194cb-gulp-util-2-2-20 gulp-util@2.2.20
286 silly lockFile e3e5f16b-gulp-util-2-2-14 gulp-util@^2.2.14
287 silly lockFile e3e5f16b-gulp-util-2-2-14 gulp-util@^2.2.14
288 http 200 https://registry.npmjs.org/gulp-concat/-/gulp-concat-2.5.2.tgz
289 silly lockFile 2b63d021-ulp-concat-gulp-concat-2-5-2-tgz https://registry.npmjs.org/gulp-concat/-/gulp-concat-2.5.2.tgz
290 silly lockFile 2b63d021-ulp-concat-gulp-concat-2-5-2-tgz https://registry.npmjs.org/gulp-concat/-/gulp-concat-2.5.2.tgz
291 silly lockFile f86cbda2-gulp-concat-2-5-2 gulp-concat@2.5.2
292 silly lockFile f86cbda2-gulp-concat-2-5-2 gulp-concat@2.5.2
293 silly lockFile bade1119-gulp-concat-2-2-0 gulp-concat@^2.2.0
294 silly lockFile bade1119-gulp-concat-2-2-0 gulp-concat@^2.2.0
295 http 200 https://registry.npmjs.org/gulp-minify-css/-/gulp-minify-css-0.3.13.tgz
296 silly lockFile 8781e9f5-y-css-gulp-minify-css-0-3-13-tgz https://registry.npmjs.org/gulp-minify-css/-/gulp-minify-css-0.3.13.tgz
297 silly lockFile 8781e9f5-y-css-gulp-minify-css-0-3-13-tgz https://registry.npmjs.org/gulp-minify-css/-/gulp-minify-css-0.3.13.tgz
298 silly lockFile 9038a954-gulp-minify-css-0-3-13 gulp-minify-css@0.3.13
299 silly lockFile 9038a954-gulp-minify-css-0-3-13 gulp-minify-css@0.3.13
300 silly lockFile 97140670-gulp-minify-css-0-3-0 gulp-minify-css@^0.3.0
301 silly lockFile 97140670-gulp-minify-css-0-3-0 gulp-minify-css@^0.3.0
302 http 200 https://registry.npmjs.org/bower/-/bower-1.4.1.tgz
303 http 200 https://registry.npmjs.org/gulp/-/gulp-3.8.11.tgz
304 silly lockFile 2528ddbe-y-npmjs-org-gulp-gulp-3-8-11-tgz https://registry.npmjs.org/gulp/-/gulp-3.8.11.tgz
305 silly lockFile 2528ddbe-y-npmjs-org-gulp-gulp-3-8-11-tgz https://registry.npmjs.org/gulp/-/gulp-3.8.11.tgz
306 silly lockFile 3d31ec08-gulp-3-8-11 gulp@3.8.11
307 silly lockFile 3d31ec08-gulp-3-8-11 gulp@3.8.11
308 silly lockFile 28ac0b1b-gulp-3-5-6 gulp@^3.5.6
309 silly lockFile 28ac0b1b-gulp-3-5-6 gulp@^3.5.6
310 silly lockFile 04dcb06b--npmjs-org-bower-bower-1-4-1-tgz https://registry.npmjs.org/bower/-/bower-1.4.1.tgz
311 silly lockFile 04dcb06b--npmjs-org-bower-bower-1-4-1-tgz https://registry.npmjs.org/bower/-/bower-1.4.1.tgz
312 silly lockFile 185f46c0-bower-1-4-1 bower@1.4.1
313 silly lockFile 185f46c0-bower-1-4-1 bower@1.4.1
314 silly lockFile 0aa5c27e-bower-1-3-3 bower@^1.3.3
315 silly lockFile 0aa5c27e-bower-1-3-3 bower@^1.3.3
316 error Error: EACCES, mkdir '/Users/andreaterzani/.npm/gulp-util/2.2.20'
316 error  { [Error: EACCES, mkdir '/Users/andreaterzani/.npm/gulp-util/2.2.20']
316 error   errno: 3,
316 error   code: 'EACCES',
316 error   path: '/Users/andreaterzani/.npm/gulp-util/2.2.20',
316 error   parent: 'digitc' }
317 error Please try running this command again as root/Administrator.
318 error System Darwin 14.1.0
319 error command "node" "/usr/local/bin/npm" "isntall"
320 error cwd /Users/andreaterzani/Desktop/DigitC
321 error node -v v0.10.35
322 error npm -v 1.4.28
323 error path /Users/andreaterzani/.npm/gulp-util/2.2.20
324 error code EACCES
325 error errno 3
326 error stack Error: EACCES, mkdir '/Users/andreaterzani/.npm/gulp-util/2.2.20'
327 verbose exit [ 3, true ]
